{
  "stats": {
    "suites": 1,
    "tests": 3,
    "passes": 3,
    "pending": 0,
    "failures": 0,
    "testsRegistered": 3,
    "passPercent": 100,
    "pendingPercent": 0,
    "other": 0,
    "hasOther": false,
    "skipped": 0,
    "hasSkipped": false,
    "start": "2026-03-17T22:33:47.425Z",
    "end": "2026-03-17T22:33:59.976Z",
    "duration": 12551
  },
  "results": [
    {
      "uuid": "da4143cd-15a0-4118-91fa-f86f2c34ac50",
      "title": "",
      "fullFile": "cypress\\e2e\\cart_intercept.cy.js",
      "file": "cypress\\e2e\\cart_intercept.cy.js",
      "beforeHooks": [],
      "afterHooks": [],
      "tests": [],
      "suites": [
        {
          "uuid": "be44dd76-a643-4fc1-9eb3-c86df0dab97a",
          "title": "Carrinho via intercept",
          "fullFile": "cypress\\e2e\\cart_intercept.cy.js",
          "file": "cypress\\e2e\\cart_intercept.cy.js",
          "beforeHooks": [],
          "afterHooks": [],
          "tests": [
            {
              "title": "Adicionar produto no carrinho utilizando intercept",
              "fullTitle": "Carrinho via intercept Adicionar produto no carrinho utilizando intercept",
              "timedOut": null,
              "duration": 1808,
              "state": "passed",
              "speed": "fast",
              "pass": true,
              "fail": false,
              "pending": false,
              "context": null,
              "code": "cy.intercept('POST', '**/?wc-ajax=add_to_cart*', {\n  statusCode: 200,\n  body: {\n    success: true,\n    data: {\n      product_id: 20,\n      cart_item_key: 'fake-key-123',\n      quantity: 1,\n      message: 'Produto adicionado ao carrinho'\n    }\n  }\n}).as('addToCart');\ncy.window().then(win => {\n  return win.fetch('/?wc-ajax=add_to_cart', {\n    method: 'POST',\n    headers: {\n      'Content-Type': 'application/x-www-form-urlencoded'\n    },\n    body: 'product_id=20&quantity=1'\n  });\n});\ncy.wait('@addToCart').its('response.body').should('deep.equal', {\n  success: true,\n  data: {\n    product_id: 20,\n    cart_item_key: 'fake-key-123',\n    quantity: 1,\n    message: 'Produto adicionado ao carrinho'\n  }\n});",
              "err": {},
              "uuid": "dab883d6-b605-44b9-9a8b-8214cefeebd1",
              "parentUUID": "be44dd76-a643-4fc1-9eb3-c86df0dab97a",
              "isHook": false,
              "skipped": false
            },
            {
              "title": "Atualizar quantidade do carrinho - interceptando API",
              "fullTitle": "Carrinho via intercept Atualizar quantidade do carrinho - interceptando API",
              "timedOut": null,
              "duration": 2105,
              "state": "passed",
              "speed": "fast",
              "pass": true,
              "fail": false,
              "pending": false,
              "context": null,
              "code": "cy.intercept('POST', '**/?wc-ajax=update_cart*', {\n  statusCode: 200,\n  body: {\n    success: true,\n    data: {\n      cart_item_key: 'fake-key-123',\n      quantity: 2,\n      message: 'Carrinho atualizado'\n    }\n  }\n}).as('updateCart');\ncy.window().then(win => {\n  return win.fetch('/?wc-ajax=update_cart', {\n    method: 'POST',\n    headers: {\n      'Content-Type': 'application/x-www-form-urlencoded'\n    },\n    body: 'cart[%7Bfake-key-123%7D][qty]=2'\n  });\n});\ncy.wait('@updateCart').its('response.body').should(body => {\n  expect(body.success).to.be.true;\n  expect(body.data).to.deep.equal({\n    cart_item_key: 'fake-key-123',\n    quantity: 2,\n    message: 'Carrinho atualizado'\n  });\n});",
              "err": {},
              "uuid": "34a4bc41-7947-4b4d-b9b2-fecb39a74258",
              "parentUUID": "be44dd76-a643-4fc1-9eb3-c86df0dab97a",
              "isHook": false,
              "skipped": false
            },
            {
              "title": "Remover item do carrinho - interceptando API",
              "fullTitle": "Carrinho via intercept Remover item do carrinho - interceptando API",
              "timedOut": null,
              "duration": 2576,
              "state": "passed",
              "speed": "fast",
              "pass": true,
              "fail": false,
              "pending": false,
              "context": null,
              "code": "cy.intercept('POST', '**/?wc-ajax=remove_cart_item*', {\n  statusCode: 200,\n  body: {\n    success: true,\n    data: {\n      cart_item_key: 'fake-key-123',\n      cart_count: 0,\n      message: 'Item removido do carrinho'\n    }\n  }\n}).as('removeCart');\ncy.window().then(win => {\n  return win.fetch('/?wc-ajax=remove_cart_item', {\n    method: 'POST',\n    headers: {\n      'Content-Type': 'application/x-www-form-urlencoded'\n    },\n    body: 'cart_item_key=fake-key-123'\n  });\n});\ncy.wait('@removeCart').its('response.body').should('deep.equal', {\n  success: true,\n  data: {\n    cart_item_key: 'fake-key-123',\n    cart_count: 0,\n    message: 'Item removido do carrinho'\n  }\n});",
              "err": {},
              "uuid": "5b7a47d7-6360-41dd-a130-30685febb383",
              "parentUUID": "be44dd76-a643-4fc1-9eb3-c86df0dab97a",
              "isHook": false,
              "skipped": false
            }
          ],
          "suites": [],
          "passes": [
            "dab883d6-b605-44b9-9a8b-8214cefeebd1",
            "34a4bc41-7947-4b4d-b9b2-fecb39a74258",
            "5b7a47d7-6360-41dd-a130-30685febb383"
          ],
          "failures": [],
          "pending": [],
          "skipped": [],
          "duration": 6489,
          "root": false,
          "rootEmpty": false,
          "_timeout": 2000
        }
      ],
      "passes": [],
      "failures": [],
      "pending": [],
      "skipped": [],
      "duration": 0,
      "root": true,
      "rootEmpty": true,
      "_timeout": 2000
    }
  ],
  "meta": {
    "mocha": {
      "version": "7.2.0"
    },
    "mochawesome": {
      "options": {
        "quiet": false,
        "reportFilename": "mochawesome",
        "saveHtml": false,
        "saveJson": true,
        "consoleReporter": "spec",
        "useInlineDiffs": false,
        "code": true
      },
      "version": "7.1.4"
    },
    "marge": {
      "options": {
        "reportDir": "cypress\\reports\\.jsons",
        "charts": true,
        "reportPageTitle": "Relatório Cypress Mochawesome",
        "embeddedScreenshots": true,
        "inlineAssets": true,
        "saveJson": true,
        "overwrite": false,
        "html": false,
        "json": true
      },
      "version": "6.3.2"
    }
  }
}